<?xml version="1.0" encoding="UTF-8"?>
<!-- Generated by org.testng.reporters.JUnitReportReporter -->
<testsuite hostname="QSP" failures="0" tests="1" name="demo.Test1" time="0.018" errors="0" timestamp="2021-05-30T14:32:42 IST" skipped="0">
  <testcase classname="demo.Test1" name="demo" time="0.018"/>
</testsuite> <!-- demo.Test1 -->
