<?xml version="1.0" encoding="UTF-8"?>
<!-- Generated by org.testng.reporters.JUnitReportReporter -->
<testsuite hostname="QSP" failures="0" tests="1" name="demo.Test2" time="0.002" errors="0" timestamp="2021-05-30T14:32:42 IST" skipped="0">
  <testcase classname="demo.Test2" name="sample" time="0.002"/>
</testsuite> <!-- demo.Test2 -->
