<?xml version="1.0" encoding="UTF-8"?>
<!-- Generated by org.testng.reporters.JUnitReportReporter -->
<testsuite hostname="QSP" failures="0" tests="1" name="demo.Test3" time="0.001" errors="0" timestamp="2021-05-30T14:32:42 IST" skipped="0">
  <testcase classname="demo.Test3" name="demo" time="0.001"/>
</testsuite> <!-- demo.Test3 -->
